<?xml version="1.0" encoding="UTF-8"?>
<coverage generated="1691142682820" clover="3.2.0">
  <project timestamp="1691142682820" name="All files">
    <metrics statements="55" coveredstatements="52" conditionals="35" coveredconditionals="27" methods="15" coveredmethods="13" elements="105" coveredelements="92" complexity="0" loc="55" ncloc="55" packages="1" files="1" classes="1"/>
    <file name="index.js" path="/home/sravya/upskill/typescript/src/Task2/scripts/index.js">
      <metrics statements="55" coveredstatements="52" conditionals="35" coveredconditionals="27" methods="15" coveredmethods="13"/>
      <line num="2" count="2" type="stmt"/>
      <line num="3" count="2" type="stmt"/>
      <line num="5" count="2" type="stmt"/>
      <line num="6" count="2" type="stmt"/>
      <line num="7" count="2" type="stmt"/>
      <line num="9" count="2" type="stmt"/>
      <line num="11" count="2" type="stmt"/>
      <line num="12" count="2" type="stmt"/>
      <line num="14" count="2" type="stmt"/>
      <line num="15" count="1" type="stmt"/>
      <line num="16" count="1" type="stmt"/>
      <line num="17" count="1" type="stmt"/>
      <line num="18" count="1" type="stmt"/>
      <line num="19" count="1" type="stmt"/>
      <line num="21" count="2" type="stmt"/>
      <line num="22" count="2" type="stmt"/>
      <line num="23" count="2" type="stmt"/>
      <line num="24" count="2" type="stmt"/>
      <line num="25" count="2" type="cond" truecount="5" falsecount="0"/>
      <line num="28" count="1" type="stmt"/>
      <line num="30" count="1" type="stmt"/>
      <line num="32" count="2" type="stmt"/>
      <line num="34" count="2" type="stmt"/>
      <line num="35" count="2" type="stmt"/>
      <line num="37" count="2" type="stmt"/>
      <line num="39" count="2" type="stmt"/>
      <line num="40" count="2" type="stmt"/>
      <line num="41" count="2" type="cond" truecount="2" falsecount="0"/>
      <line num="42" count="1" type="stmt"/>
      <line num="44" count="1" type="stmt"/>
      <line num="46" count="2" type="stmt"/>
      <line num="48" count="2" type="stmt"/>
      <line num="50" count="1" type="stmt"/>
      <line num="52" count="2" type="stmt"/>
      <line num="53" count="1" type="stmt"/>
      <line num="55" count="2" type="stmt"/>
      <line num="58" count="2" type="stmt"/>
      <line num="59" count="2" type="cond" truecount="2" falsecount="0"/>
      <line num="60" count="1" type="stmt"/>
      <line num="61" count="1" type="stmt"/>
      <line num="63" count="1" type="stmt"/>
      <line num="64" count="1" type="stmt"/>
      <line num="66" count="2" type="stmt"/>
      <line num="68" count="1" type="stmt"/>
      <line num="69" count="1" type="stmt"/>
      <line num="75" count="2" type="stmt"/>
      <line num="76" count="2" type="cond" truecount="3" falsecount="1"/>
      <line num="77" count="2" type="cond" truecount="3" falsecount="1"/>
      <line num="78" count="2" type="cond" truecount="3" falsecount="1"/>
      <line num="79" count="2" type="cond" truecount="3" falsecount="1"/>
      <line num="80" count="2" type="cond" truecount="2" falsecount="2"/>
      <line num="81" count="0" type="stmt"/>
      <line num="82" count="0" type="stmt"/>
      <line num="84" count="2" type="cond" truecount="2" falsecount="2"/>
      <line num="85" count="0" type="stmt"/>
    </file>
  </project>
</coverage>
