{"/home/sravya/upskill/typescript/src/Task2/scripts/index.js": {"path":"/home/sravya/upskill/typescript/src/Task2/scripts/index.js","statementMap":{"0":{"start":{"line":2,"column":0},"end":{"line":2,"column":62}},"1":{"start":{"line":3,"column":0},"end":{"line":3,"column":67}},"2":{"start":{"line":5,"column":0},"end":{"line":8,"column":45}},"3":{"start":{"line":6,"column":4},"end":{"line":6,"column":32}},"4":{"start":{"line":7,"column":4},"end":{"line":7,"column":34}},"5":{"start":{"line":9,"column":26},"end":{"line":33,"column":3}},"6":{"start":{"line":11,"column":8},"end":{"line":11,"column":27}},"7":{"start":{"line":12,"column":8},"end":{"line":12,"column":27}},"8":{"start":{"line":14,"column":4},"end":{"line":20,"column":6}},"9":{"start":{"line":15,"column":8},"end":{"line":15,"column":60}},"10":{"start":{"line":16,"column":8},"end":{"line":16,"column":60}},"11":{"start":{"line":17,"column":8},"end":{"line":17,"column":56}},"12":{"start":{"line":18,"column":8},"end":{"line":18,"column":37}},"13":{"start":{"line":19,"column":8},"end":{"line":19,"column":28}},"14":{"start":{"line":21,"column":4},"end":{"line":31,"column":6}},"15":{"start":{"line":22,"column":28},"end":{"line":22,"column":60}},"16":{"start":{"line":23,"column":28},"end":{"line":23,"column":60}},"17":{"start":{"line":24,"column":26},"end":{"line":24,"column":56}},"18":{"start":{"line":25,"column":8},"end":{"line":29,"column":9}},"19":{"start":{"line":28,"column":12},"end":{"line":28,"column":24}},"20":{"start":{"line":30,"column":8},"end":{"line":30,"column":21}},"21":{"start":{"line":32,"column":4},"end":{"line":32,"column":16}},"22":{"start":{"line":34,"column":21},"end":{"line":34,"column":31}},"23":{"start":{"line":35,"column":27},"end":{"line":47,"column":3}},"24":{"start":{"line":37,"column":8},"end":{"line":37,"column":39}},"25":{"start":{"line":39,"column":4},"end":{"line":45,"column":6}},"26":{"start":{"line":40,"column":18},"end":{"line":40,"column":59}},"27":{"start":{"line":41,"column":8},"end":{"line":43,"column":9}},"28":{"start":{"line":42,"column":12},"end":{"line":42,"column":24}},"29":{"start":{"line":44,"column":8},"end":{"line":44,"column":21}},"30":{"start":{"line":46,"column":4},"end":{"line":46,"column":17}},"31":{"start":{"line":48,"column":28},"end":{"line":56,"column":3}},"32":{"start":{"line":50,"column":8},"end":{"line":50,"column":39}},"33":{"start":{"line":52,"column":4},"end":{"line":54,"column":6}},"34":{"start":{"line":53,"column":8},"end":{"line":53,"column":40}},"35":{"start":{"line":55,"column":4},"end":{"line":55,"column":18}},"36":{"start":{"line":58,"column":20},"end":{"line":58,"column":31}},"37":{"start":{"line":59,"column":4},"end":{"line":62,"column":5}},"38":{"start":{"line":60,"column":8},"end":{"line":60,"column":50}},"39":{"start":{"line":61,"column":8},"end":{"line":61,"column":20}},"40":{"start":{"line":63,"column":4},"end":{"line":63,"column":31}},"41":{"start":{"line":64,"column":4},"end":{"line":64,"column":17}},"42":{"start":{"line":66,"column":0},"end":{"line":66,"column":32}},"43":{"start":{"line":68,"column":21},"end":{"line":68,"column":33}},"44":{"start":{"line":69,"column":4},"end":{"line":73,"column":7}},"45":{"start":{"line":75,"column":0},"end":{"line":75,"column":34}},"46":{"start":{"line":76,"column":22},"end":{"line":76,"column":110}},"47":{"start":{"line":77,"column":19},"end":{"line":77,"column":110}},"48":{"start":{"line":78,"column":20},"end":{"line":78,"column":107}},"49":{"start":{"line":79,"column":20},"end":{"line":79,"column":107}},"50":{"start":{"line":80,"column":0},"end":{"line":83,"column":3}},"51":{"start":{"line":81,"column":4},"end":{"line":81,"column":27}},"52":{"start":{"line":82,"column":4},"end":{"line":82,"column":57}},"53":{"start":{"line":84,"column":0},"end":{"line":86,"column":3}},"54":{"start":{"line":85,"column":4},"end":{"line":85,"column":58}}},"fnMap":{"0":{"name":"(anonymous_0)","decl":{"start":{"line":5,"column":1},"end":{"line":5,"column":2}},"loc":{"start":{"line":5,"column":19},"end":{"line":8,"column":1}},"line":5},"1":{"name":"(anonymous_1)","decl":{"start":{"line":9,"column":26},"end":{"line":9,"column":27}},"loc":{"start":{"line":9,"column":38},"end":{"line":33,"column":1}},"line":9},"2":{"name":"User","decl":{"start":{"line":10,"column":13},"end":{"line":10,"column":17}},"loc":{"start":{"line":10,"column":20},"end":{"line":13,"column":5}},"line":10},"3":{"name":"(anonymous_3)","decl":{"start":{"line":14,"column":29},"end":{"line":14,"column":30}},"loc":{"start":{"line":14,"column":49},"end":{"line":20,"column":5}},"line":14},"4":{"name":"(anonymous_4)","decl":{"start":{"line":21,"column":29},"end":{"line":21,"column":30}},"loc":{"start":{"line":21,"column":58},"end":{"line":31,"column":5}},"line":21},"5":{"name":"(anonymous_5)","decl":{"start":{"line":35,"column":27},"end":{"line":35,"column":28}},"loc":{"start":{"line":35,"column":39},"end":{"line":47,"column":1}},"line":35},"6":{"name":"Login","decl":{"start":{"line":36,"column":13},"end":{"line":36,"column":18}},"loc":{"start":{"line":36,"column":21},"end":{"line":38,"column":5}},"line":36},"7":{"name":"(anonymous_7)","decl":{"start":{"line":39,"column":35},"end":{"line":39,"column":36}},"loc":{"start":{"line":39,"column":65},"end":{"line":45,"column":5}},"line":39},"8":{"name":"(anonymous_8)","decl":{"start":{"line":48,"column":28},"end":{"line":48,"column":29}},"loc":{"start":{"line":48,"column":40},"end":{"line":56,"column":1}},"line":48},"9":{"name":"SignUp","decl":{"start":{"line":49,"column":13},"end":{"line":49,"column":19}},"loc":{"start":{"line":49,"column":22},"end":{"line":51,"column":5}},"line":49},"10":{"name":"(anonymous_10)","decl":{"start":{"line":52,"column":30},"end":{"line":52,"column":31}},"loc":{"start":{"line":52,"column":50},"end":{"line":54,"column":5}},"line":52},"11":{"name":"loginEvent","decl":{"start":{"line":57,"column":9},"end":{"line":57,"column":19}},"loc":{"start":{"line":57,"column":40},"end":{"line":65,"column":1}},"line":57},"12":{"name":"signupEvent","decl":{"start":{"line":67,"column":9},"end":{"line":67,"column":20}},"loc":{"start":{"line":67,"column":41},"end":{"line":74,"column":1}},"line":67},"13":{"name":"(anonymous_13)","decl":{"start":{"line":80,"column":109},"end":{"line":80,"column":110}},"loc":{"start":{"line":80,"column":126},"end":{"line":83,"column":1}},"line":80},"14":{"name":"(anonymous_14)","decl":{"start":{"line":84,"column":99},"end":{"line":84,"column":100}},"loc":{"start":{"line":84,"column":111},"end":{"line":86,"column":1}},"line":84}},"branchMap":{"0":{"loc":{"start":{"line":8,"column":3},"end":{"line":8,"column":43}},"type":"binary-expr","locations":[{"start":{"line":8,"column":3},"end":{"line":8,"column":9}},{"start":{"line":8,"column":14},"end":{"line":8,"column":42}}],"line":8},"1":{"loc":{"start":{"line":25,"column":8},"end":{"line":29,"column":9}},"type":"if","locations":[{"start":{"line":25,"column":8},"end":{"line":29,"column":9}},{"start":{},"end":{}}],"line":25},"2":{"loc":{"start":{"line":25,"column":12},"end":{"line":27,"column":36}},"type":"binary-expr","locations":[{"start":{"line":25,"column":12},"end":{"line":25,"column":41}},{"start":{"line":26,"column":12},"end":{"line":26,"column":34}},{"start":{"line":27,"column":12},"end":{"line":27,"column":36}}],"line":25},"3":{"loc":{"start":{"line":41,"column":8},"end":{"line":43,"column":9}},"type":"if","locations":[{"start":{"line":41,"column":8},"end":{"line":43,"column":9}},{"start":{},"end":{}}],"line":41},"4":{"loc":{"start":{"line":59,"column":4},"end":{"line":62,"column":5}},"type":"if","locations":[{"start":{"line":59,"column":4},"end":{"line":62,"column":5}},{"start":{},"end":{}}],"line":59},"5":{"loc":{"start":{"line":76,"column":22},"end":{"line":76,"column":110}},"type":"cond-expr","locations":[{"start":{"line":76,"column":65},"end":{"line":76,"column":71}},{"start":{"line":76,"column":74},"end":{"line":76,"column":110}}],"line":76},"6":{"loc":{"start":{"line":76,"column":22},"end":{"line":76,"column":62}},"type":"binary-expr","locations":[{"start":{"line":76,"column":22},"end":{"line":76,"column":39}},{"start":{"line":76,"column":43},"end":{"line":76,"column":62}}],"line":76},"7":{"loc":{"start":{"line":77,"column":19},"end":{"line":77,"column":110}},"type":"cond-expr","locations":[{"start":{"line":77,"column":62},"end":{"line":77,"column":68}},{"start":{"line":77,"column":71},"end":{"line":77,"column":110}}],"line":77},"8":{"loc":{"start":{"line":77,"column":19},"end":{"line":77,"column":59}},"type":"binary-expr","locations":[{"start":{"line":77,"column":19},"end":{"line":77,"column":36}},{"start":{"line":77,"column":40},"end":{"line":77,"column":59}}],"line":77},"9":{"loc":{"start":{"line":78,"column":20},"end":{"line":78,"column":107}},"type":"cond-expr","locations":[{"start":{"line":78,"column":63},"end":{"line":78,"column":69}},{"start":{"line":78,"column":72},"end":{"line":78,"column":107}}],"line":78},"10":{"loc":{"start":{"line":78,"column":20},"end":{"line":78,"column":60}},"type":"binary-expr","locations":[{"start":{"line":78,"column":20},"end":{"line":78,"column":37}},{"start":{"line":78,"column":41},"end":{"line":78,"column":60}}],"line":78},"11":{"loc":{"start":{"line":79,"column":20},"end":{"line":79,"column":107}},"type":"cond-expr","locations":[{"start":{"line":79,"column":63},"end":{"line":79,"column":69}},{"start":{"line":79,"column":72},"end":{"line":79,"column":107}}],"line":79},"12":{"loc":{"start":{"line":79,"column":20},"end":{"line":79,"column":60}},"type":"binary-expr","locations":[{"start":{"line":79,"column":20},"end":{"line":79,"column":37}},{"start":{"line":79,"column":41},"end":{"line":79,"column":60}}],"line":79},"13":{"loc":{"start":{"line":80,"column":0},"end":{"line":83,"column":2}},"type":"cond-expr","locations":[{"start":{"line":80,"column":57},"end":{"line":80,"column":63}},{"start":{"line":80,"column":66},"end":{"line":83,"column":2}}],"line":80},"14":{"loc":{"start":{"line":80,"column":0},"end":{"line":80,"column":54}},"type":"binary-expr","locations":[{"start":{"line":80,"column":0},"end":{"line":80,"column":24}},{"start":{"line":80,"column":28},"end":{"line":80,"column":54}}],"line":80},"15":{"loc":{"start":{"line":84,"column":0},"end":{"line":86,"column":2}},"type":"cond-expr","locations":[{"start":{"line":84,"column":51},"end":{"line":84,"column":57}},{"start":{"line":84,"column":60},"end":{"line":86,"column":2}}],"line":84},"16":{"loc":{"start":{"line":84,"column":0},"end":{"line":84,"column":48}},"type":"binary-expr","locations":[{"start":{"line":84,"column":0},"end":{"line":84,"column":21}},{"start":{"line":84,"column":25},"end":{"line":84,"column":48}}],"line":84}},"s":{"0":2,"1":2,"2":2,"3":2,"4":2,"5":2,"6":2,"7":2,"8":2,"9":1,"10":1,"11":1,"12":1,"13":1,"14":2,"15":2,"16":2,"17":2,"18":2,"19":1,"20":1,"21":2,"22":2,"23":2,"24":2,"25":2,"26":2,"27":2,"28":1,"29":1,"30":2,"31":2,"32":1,"33":2,"34":1,"35":2,"36":2,"37":2,"38":1,"39":1,"40":1,"41":1,"42":2,"43":1,"44":1,"45":2,"46":2,"47":2,"48":2,"49":2,"50":2,"51":0,"52":0,"53":2,"54":0},"f":{"0":2,"1":2,"2":2,"3":1,"4":2,"5":2,"6":2,"7":2,"8":2,"9":1,"10":1,"11":2,"12":1,"13":0,"14":0},"b":{"0":[2,2],"1":[1,1],"2":[2,2,2],"3":[1,1],"4":[1,1],"5":[0,2],"6":[2,2],"7":[0,2],"8":[2,2],"9":[0,2],"10":[2,2],"11":[0,2],"12":[2,2],"13":[2,0],"14":[2,0],"15":[2,0],"16":[2,0]},"inputSourceMap":null,"_coverageSchema":"1a1c01bbd47fc00a2c39e90264f33305004495a9","hash":"0057edd4907c4115d104c05dddf829e8569404fb"}
}
