TN:
SF:src/Task2/scripts/index.js
FN:5,(anonymous_0)
FN:9,(anonymous_1)
FN:10,User
FN:14,(anonymous_3)
FN:21,(anonymous_4)
FN:35,(anonymous_5)
FN:36,Login
FN:39,(anonymous_7)
FN:48,(anonymous_8)
FN:49,SignUp
FN:52,(anonymous_10)
FN:57,loginEvent
FN:67,signupEvent
FN:80,(anonymous_13)
FN:84,(anonymous_14)
FNF:15
FNH:13
FNDA:2,(anonymous_0)
FNDA:2,(anonymous_1)
FNDA:2,User
FNDA:1,(anonymous_3)
FNDA:2,(anonymous_4)
FNDA:2,(anonymous_5)
FNDA:2,Login
FNDA:2,(anonymous_7)
FNDA:2,(anonymous_8)
FNDA:1,SignUp
FNDA:1,(anonymous_10)
FNDA:2,loginEvent
FNDA:1,signupEvent
FNDA:0,(anonymous_13)
FNDA:0,(anonymous_14)
DA:2,2
DA:3,2
DA:5,2
DA:6,2
DA:7,2
DA:9,2
DA:11,2
DA:12,2
DA:14,2
DA:15,1
DA:16,1
DA:17,1
DA:18,1
DA:19,1
DA:21,2
DA:22,2
DA:23,2
DA:24,2
DA:25,2
DA:28,1
DA:30,1
DA:32,2
DA:34,2
DA:35,2
DA:37,2
DA:39,2
DA:40,2
DA:41,2
DA:42,1
DA:44,1
DA:46,2
DA:48,2
DA:50,1
DA:52,2
DA:53,1
DA:55,2
DA:58,2
DA:59,2
DA:60,1
DA:61,1
DA:63,1
DA:64,1
DA:66,2
DA:68,1
DA:69,1
DA:75,2
DA:76,2
DA:77,2
DA:78,2
DA:79,2
DA:80,2
DA:81,0
DA:82,0
DA:84,2
DA:85,0
LF:55
LH:52
BRDA:8,0,0,2
BRDA:8,0,1,2
BRDA:25,1,0,1
BRDA:25,1,1,1
BRDA:25,2,0,2
BRDA:25,2,1,2
BRDA:25,2,2,2
BRDA:41,3,0,1
BRDA:41,3,1,1
BRDA:59,4,0,1
BRDA:59,4,1,1
BRDA:76,5,0,0
BRDA:76,5,1,2
BRDA:76,6,0,2
BRDA:76,6,1,2
BRDA:77,7,0,0
BRDA:77,7,1,2
BRDA:77,8,0,2
BRDA:77,8,1,2
BRDA:78,9,0,0
BRDA:78,9,1,2
BRDA:78,10,0,2
BRDA:78,10,1,2
BRDA:79,11,0,0
BRDA:79,11,1,2
BRDA:79,12,0,2
BRDA:79,12,1,2
BRDA:80,13,0,2
BRDA:80,13,1,0
BRDA:80,14,0,2
BRDA:80,14,1,0
BRDA:84,15,0,2
BRDA:84,15,1,0
BRDA:84,16,0,2
BRDA:84,16,1,0
BRF:35
BRH:27
end_of_record
